<?xml version="1.0" encoding="UTF-8"?>
<!-- Generated by org.testng.reporters.JUnitXMLReporter -->
<testsuite ignored="1" hostname="DESKTOP-1RB5UVT" failures="0" tests="1" name="Test" time="6.156" errors="0" timestamp="2024-10-04T18:21:04 IST">
  <testcase classname="testCases.TC002_AccountLoginTest" name="verify_Login" time="2.248"/>
  <testcase classname="testCases.TC001_AccountRegistrationTest" name="AccountRegistartioncheck" time="0.0">
    <ignored/>
  </testcase> <!-- AccountRegistartioncheck -->
</testsuite> <!-- Test -->
