<?xml version="1.0" encoding="UTF-8"?>
<testng-results ignored="0" total="2" passed="2" failed="0" skipped="0">
  <reporter-output>
  </reporter-output>
  <suite started-at="2024-10-25T19:19:41 IST" name="Suite" finished-at="2024-10-25T19:20:06 IST" duration-ms="24694">
    <groups>
      <group name="Master">
        <method signature="TC001_AccountRegistrationTest.AccountRegistartioncheck()[pri:0, instance:testCases.TC001_AccountRegistrationTest@265adfad]" name="AccountRegistartioncheck" class="testCases.TC001_AccountRegistrationTest"/>
        <method signature="TC002_AccountLoginTest.verify_Login()[pri:0, instance:testCases.TC002_AccountLoginTest@1e461e41]" name="verify_Login" class="testCases.TC002_AccountLoginTest"/>
      </group> <!-- Master -->
      <group name="Sanity">
        <method signature="TC002_AccountLoginTest.verify_Login()[pri:0, instance:testCases.TC002_AccountLoginTest@1e461e41]" name="verify_Login" class="testCases.TC002_AccountLoginTest"/>
      </group> <!-- Sanity -->
      <group name="Regression">
        <method signature="TC001_AccountRegistrationTest.AccountRegistartioncheck()[pri:0, instance:testCases.TC001_AccountRegistrationTest@265adfad]" name="AccountRegistartioncheck" class="testCases.TC001_AccountRegistrationTest"/>
      </group> <!-- Regression -->
    </groups>
    <test started-at="2024-10-25T19:19:41 IST" name="Test" finished-at="2024-10-25T19:20:06 IST" duration-ms="24694">
      <class name="testCases.TC001_AccountRegistrationTest">
        <test-method is-config="true" signature="setup(java.lang.String,java.lang.String)[pri:0, instance:testCases.TC001_AccountRegistrationTest@265adfad]" started-at="2024-10-25T19:19:41 IST" name="setup" finished-at="2024-10-25T19:19:45 IST" duration-ms="4078" status="PASS">
          <params>
            <param index="0">
              <value>
                <![CDATA[Windows]]>
              </value>
            </param>
            <param index="1">
              <value>
                <![CDATA[Chrome]]>
              </value>
            </param>
          </params>
          <reporter-output>
          </reporter-output>
        </test-method> <!-- setup -->
        <test-method signature="AccountRegistartioncheck()[pri:0, instance:testCases.TC001_AccountRegistrationTest@265adfad]" started-at="2024-10-25T19:19:45 IST" name="AccountRegistartioncheck" finished-at="2024-10-25T19:20:00 IST" duration-ms="15040" status="PASS">
          <reporter-output>
          </reporter-output>
        </test-method> <!-- AccountRegistartioncheck -->
        <test-method is-config="true" signature="tearDown()[pri:0, instance:testCases.TC001_AccountRegistrationTest@265adfad]" started-at="2024-10-25T19:20:01 IST" name="tearDown" finished-at="2024-10-25T19:20:01 IST" duration-ms="632" status="PASS">
          <reporter-output>
          </reporter-output>
        </test-method> <!-- tearDown -->
      </class> <!-- testCases.TC001_AccountRegistrationTest -->
      <class name="testCases.TC002_AccountLoginTest">
        <test-method is-config="true" signature="setup(java.lang.String,java.lang.String)[pri:0, instance:testCases.TC002_AccountLoginTest@1e461e41]" started-at="2024-10-25T19:20:01 IST" name="setup" finished-at="2024-10-25T19:20:04 IST" duration-ms="2375" status="PASS">
          <params>
            <param index="0">
              <value>
                <![CDATA[Windows]]>
              </value>
            </param>
            <param index="1">
              <value>
                <![CDATA[Chrome]]>
              </value>
            </param>
          </params>
          <reporter-output>
          </reporter-output>
        </test-method> <!-- setup -->
        <test-method signature="verify_Login()[pri:0, instance:testCases.TC002_AccountLoginTest@1e461e41]" started-at="2024-10-25T19:20:04 IST" name="verify_Login" finished-at="2024-10-25T19:20:06 IST" duration-ms="2227" status="PASS">
          <reporter-output>
          </reporter-output>
        </test-method> <!-- verify_Login -->
        <test-method is-config="true" signature="tearDown()[pri:0, instance:testCases.TC002_AccountLoginTest@1e461e41]" started-at="2024-10-25T19:20:06 IST" name="tearDown" finished-at="2024-10-25T19:20:06 IST" duration-ms="270" status="PASS">
          <reporter-output>
          </reporter-output>
        </test-method> <!-- tearDown -->
      </class> <!-- testCases.TC002_AccountLoginTest -->
    </test> <!-- Test -->
  </suite> <!-- Suite -->
</testng-results>
