<?xml version="1.0" encoding="UTF-8"?>
<testng-results ignored="0" total="2" passed="2" failed="0" skipped="0">
  <reporter-output>
  </reporter-output>
  <suite started-at="2024-10-18T20:22:37 IST" name="Suite" finished-at="2024-10-18T20:22:59 IST" duration-ms="21795">
    <groups>
      <group name="Master">
        <method signature="TC001_AccountRegistrationTest.AccountRegistartioncheck()[pri:0, instance:testCases.TC001_AccountRegistrationTest@6fb365ed]" name="AccountRegistartioncheck" class="testCases.TC001_AccountRegistrationTest"/>
        <method signature="TC002_AccountLoginTest.verify_Login()[pri:0, instance:testCases.TC002_AccountLoginTest@5a709816]" name="verify_Login" class="testCases.TC002_AccountLoginTest"/>
      </group> <!-- Master -->
      <group name="Sanity">
        <method signature="TC002_AccountLoginTest.verify_Login()[pri:0, instance:testCases.TC002_AccountLoginTest@5a709816]" name="verify_Login" class="testCases.TC002_AccountLoginTest"/>
      </group> <!-- Sanity -->
      <group name="Regression">
        <method signature="TC001_AccountRegistrationTest.AccountRegistartioncheck()[pri:0, instance:testCases.TC001_AccountRegistrationTest@6fb365ed]" name="AccountRegistartioncheck" class="testCases.TC001_AccountRegistrationTest"/>
      </group> <!-- Regression -->
    </groups>
    <test started-at="2024-10-18T20:22:37 IST" name="Test" finished-at="2024-10-18T20:22:59 IST" duration-ms="21795">
      <class name="testCases.TC001_AccountRegistrationTest">
        <test-method is-config="true" signature="setup(java.lang.String,java.lang.String)[pri:0, instance:testCases.TC001_AccountRegistrationTest@6fb365ed]" started-at="2024-10-18T20:22:37 IST" name="setup" finished-at="2024-10-18T20:22:42 IST" duration-ms="4725" status="PASS">
          <params>
            <param index="0">
              <value>
                <![CDATA[Windows]]>
              </value>
            </param>
            <param index="1">
              <value>
                <![CDATA[Chrome]]>
              </value>
            </param>
          </params>
          <reporter-output>
          </reporter-output>
        </test-method> <!-- setup -->
        <test-method signature="AccountRegistartioncheck()[pri:0, instance:testCases.TC001_AccountRegistrationTest@6fb365ed]" started-at="2024-10-18T20:22:42 IST" name="AccountRegistartioncheck" finished-at="2024-10-18T20:22:53 IST" duration-ms="11228" status="PASS">
          <reporter-output>
          </reporter-output>
        </test-method> <!-- AccountRegistartioncheck -->
        <test-method is-config="true" signature="tearDown()[pri:0, instance:testCases.TC001_AccountRegistrationTest@6fb365ed]" started-at="2024-10-18T20:22:53 IST" name="tearDown" finished-at="2024-10-18T20:22:53 IST" duration-ms="414" status="PASS">
          <reporter-output>
          </reporter-output>
        </test-method> <!-- tearDown -->
      </class> <!-- testCases.TC001_AccountRegistrationTest -->
      <class name="testCases.TC002_AccountLoginTest">
        <test-method is-config="true" signature="setup(java.lang.String,java.lang.String)[pri:0, instance:testCases.TC002_AccountLoginTest@5a709816]" started-at="2024-10-18T20:22:53 IST" name="setup" finished-at="2024-10-18T20:22:56 IST" duration-ms="2879" status="PASS">
          <params>
            <param index="0">
              <value>
                <![CDATA[Windows]]>
              </value>
            </param>
            <param index="1">
              <value>
                <![CDATA[Chrome]]>
              </value>
            </param>
          </params>
          <reporter-output>
          </reporter-output>
        </test-method> <!-- setup -->
        <test-method signature="verify_Login()[pri:0, instance:testCases.TC002_AccountLoginTest@5a709816]" started-at="2024-10-18T20:22:56 IST" name="verify_Login" finished-at="2024-10-18T20:22:58 IST" duration-ms="2227" status="PASS">
          <reporter-output>
          </reporter-output>
        </test-method> <!-- verify_Login -->
        <test-method is-config="true" signature="tearDown()[pri:0, instance:testCases.TC002_AccountLoginTest@5a709816]" started-at="2024-10-18T20:22:58 IST" name="tearDown" finished-at="2024-10-18T20:22:59 IST" duration-ms="206" status="PASS">
          <reporter-output>
          </reporter-output>
        </test-method> <!-- tearDown -->
      </class> <!-- testCases.TC002_AccountLoginTest -->
    </test> <!-- Test -->
  </suite> <!-- Suite -->
</testng-results>
